<?xml version="1.0" encoding="UTF-8"?>
<!-- Generated by org.testng.reporters.JUnitReportReporter -->
<testsuite skipped="0" hostname="P2B-6B16NK2" name="com.accenturetest.DEmo03_SCreenshot" tests="1" failures="0" timestamp="08 Sep 2018 07:09:39 GMT" time="6.447" errors="0">
  <testcase name="f" time="6.447" classname="com.accenturetest.DEmo03_SCreenshot"/>
</testsuite> <!-- com.accenturetest.DEmo03_SCreenshot -->
