<?xml version="1.0" encoding="UTF-8"?>
<!-- Generated by org.testng.reporters.JUnitReportReporter -->
<testsuite skipped="0" hostname="P2B-6B16NK2" name="com.accenturetest.Demo02_RobotUpload" tests="1" failures="0" timestamp="08 Sep 2018 08:23:15 GMT" time="5.738" errors="0">
  <testcase name="RobotUpload" time="5.738" classname="com.accenturetest.Demo02_RobotUpload"/>
</testsuite> <!-- com.accenturetest.Demo02_RobotUpload -->
