<?xml version="1.0" encoding="UTF-8"?>
<!-- Generated by org.testng.reporters.JUnitReportReporter -->
<testsuite skipped="0" hostname="P2B-6B16NK2" name="com.accenturetest.DEmo04_Cookie" tests="1" failures="0" timestamp="08 Sep 2018 07:39:22 GMT" time="6.095" errors="0">
  <testcase name="f" time="6.095" classname="com.accenturetest.DEmo04_Cookie"/>
</testsuite> <!-- com.accenturetest.DEmo04_Cookie -->
