<?xml version="1.0" encoding="UTF-8"?>
<!-- Generated by org.testng.reporters.JUnitReportReporter -->
<testsuite skipped="0" hostname="P2B-6B16NK2" name="com.accenture.tests.LoginTest" tests="1" failures="0" timestamp="09 Sep 2018 05:54:27 GMT" time="4.309" errors="0">
  <testcase name="logintest" time="4.309" classname="com.accenture.tests.LoginTest"/>
</testsuite> <!-- com.accenture.tests.LoginTest -->
